<?xml version="1.0" encoding="UTF-8"?>
<!-- Generated by org.testng.reporters.JUnitXMLReporter -->
<testsuite ignored="0" hostname="sys" failures="1" tests="9" name="New User Test" time="9.308" errors="0" timestamp="2020-10-28T16:31:59 EDT">
  <testcase classname="com.gp.AutomationUI.NewUserTest" name="checkPageExistsTest" time="0.02"/>
  <testcase classname="com.gp.AutomationUI.NewUserTest" name="checkUsernameDisplayedTest" time="0.081"/>
  <testcase classname="com.gp.AutomationUI.NewUserTest" name="checkUserNameReadWriteTest" time="0.168"/>
  <testcase classname="com.gp.AutomationUI.NewUserTest" name="checkPasswordReadWriteTest" time="0.141"/>
  <testcase classname="com.gp.AutomationUI.NewUserTest" name="checkPasswordMaskedTest" time="0.031"/>
  <testcase classname="com.gp.AutomationUI.NewUserTest" name="checkemailReadWriteTest" time="0.148"/>
  <testcase classname="com.gp.AutomationUI.NewUserTest" name="createUserTest" time="0.519">
    <failure type="java.lang.AssertionError" message="expected [true] but found [false]">
      <![CDATA[java.lang.AssertionError: expected [true] but found [false]
at com.gp.AutomationUI.NewUserTest.createUserTest(NewUserTest.java:112)
at java.base/java.util.ArrayList.forEach(ArrayList.java:1511)
... Removed 31 stack frames]]>
    </failure>
  </testcase> <!-- createUserTest -->
  <testcase classname="com.gp.AutomationUI.NewUserTest" name="cancelTest" time="2.579"/>
  <testcase classname="com.gp.AutomationUI.NewUserTest" name="createUserWithInvalidPasswordLengthTest" time="0.592"/>
</testsuite> <!-- New User Test -->
